Determining if the pthread_create exist failed with the following output:
Change Dir: /home/pi/ros_workspace/build/CMakeFiles/CMakeTmp

Run Build Command:/usr/bin/make "cmTryCompileExec3988289795/fast"
/usr/bin/make -f CMakeFiles/cmTryCompileExec3988289795.dir/build.make CMakeFiles/cmTryCompileExec3988289795.dir/build
make[1]: Entering directory '/home/pi/ros_workspace/build/CMakeFiles/CMakeTmp'
/usr/bin/cmake -E cmake_progress_report /home/pi/ros_workspace/build/CMakeFiles/CMakeTmp/CMakeFiles 1
Building C object CMakeFiles/cmTryCompileExec3988289795.dir/CheckSymbolExists.c.o
/usr/bin/gcc    -o CMakeFiles/cmTryCompileExec3988289795.dir/CheckSymbolExists.c.o   -c /home/pi/ros_workspace/build/CMakeFiles/CMakeTmp/CheckSymbolExists.c
Linking C executable cmTryCompileExec3988289795
/usr/bin/cmake -E cmake_link_script CMakeFiles/cmTryCompileExec3988289795.dir/link.txt --verbose=1
/usr/bin/gcc         CMakeFiles/cmTryCompileExec3988289795.dir/CheckSymbolExists.c.o  -o cmTryCompileExec3988289795 -rdynamic 
CMakeFiles/cmTryCompileExec3988289795.dir/CheckSymbolExists.c.o: In function `main':
CheckSymbolExists.c:(.text+0x38): undefined reference to `pthread_create'
collect2: ld returned 1 exit status
CMakeFiles/cmTryCompileExec3988289795.dir/build.make:88: recipe for target 'cmTryCompileExec3988289795' failed
make[1]: Leaving directory '/home/pi/ros_workspace/build/CMakeFiles/CMakeTmp'
make[1]: *** [cmTryCompileExec3988289795] Error 1
Makefile:114: recipe for target 'cmTryCompileExec3988289795/fast' failed
make: *** [cmTryCompileExec3988289795/fast] Error 2

File /home/pi/ros_workspace/build/CMakeFiles/CMakeTmp/CheckSymbolExists.c:
/* */
#include <pthread.h>

int main(int argc, char** argv)
{
  (void)argv;
#ifndef pthread_create
  return ((int*)(&pthread_create))[argc];
#else
  (void)argc;
  return 0;
#endif
}

Determining if the function pthread_create exists in the pthreads failed with the following output:
Change Dir: /home/pi/ros_workspace/build/CMakeFiles/CMakeTmp

Run Build Command:/usr/bin/make "cmTryCompileExec3461970454/fast"
/usr/bin/make -f CMakeFiles/cmTryCompileExec3461970454.dir/build.make CMakeFiles/cmTryCompileExec3461970454.dir/build
make[1]: Entering directory '/home/pi/ros_workspace/build/CMakeFiles/CMakeTmp'
/usr/bin/cmake -E cmake_progress_report /home/pi/ros_workspace/build/CMakeFiles/CMakeTmp/CMakeFiles 1
Building C object CMakeFiles/cmTryCompileExec3461970454.dir/CheckFunctionExists.c.o
/usr/bin/gcc   -DCHECK_FUNCTION_EXISTS=pthread_create   -o CMakeFiles/cmTryCompileExec3461970454.dir/CheckFunctionExists.c.o   -c /usr/share/cmake-2.8/Modules/CheckFunctionExists.c
Linking C executable cmTryCompileExec3461970454
/usr/bin/cmake -E cmake_link_script CMakeFiles/cmTryCompileExec3461970454.dir/link.txt --verbose=1
/usr/bin/gcc     -DCHECK_FUNCTION_EXISTS=pthread_create    CMakeFiles/cmTryCompileExec3461970454.dir/CheckFunctionExists.c.o  -o cmTryCompileExec3461970454 -rdynamic -lpthreads 
/usr/bin/ld: cannot find -lpthreads
collect2: ld returned 1 exit status
CMakeFiles/cmTryCompileExec3461970454.dir/build.make:88: recipe for target 'cmTryCompileExec3461970454' failed
make[1]: Leaving directory '/home/pi/ros_workspace/build/CMakeFiles/CMakeTmp'
make[1]: *** [cmTryCompileExec3461970454] Error 1
Makefile:114: recipe for target 'cmTryCompileExec3461970454/fast' failed
make: *** [cmTryCompileExec3461970454/fast] Error 2


